<?xml version="1.0" encoding="UTF-8"?>
<testng-results ignored="0" total="1" passed="1" failed="0" skipped="0">
  <reporter-output>
  </reporter-output>
  <suite started-at="2022-07-06T18:54:28 IST" name="Suite" finished-at="2022-07-06T18:54:33 IST" duration-ms="4558">
    <groups>
    </groups>
    <test started-at="2022-07-06T18:54:28 IST" name="Test" finished-at="2022-07-06T18:54:33 IST" duration-ms="4558">
      <class name="HW.TestHelloWorld">
        <test-method signature="testHelloWorld()[pri:0, instance:HW.TestHelloWorld@5d20e46]" started-at="2022-07-06T18:54:28 IST" name="testHelloWorld" finished-at="2022-07-06T18:54:33 IST" duration-ms="4533" status="PASS">
          <reporter-output>
          </reporter-output>
        </test-method> <!-- testHelloWorld -->
      </class> <!-- HW.TestHelloWorld -->
    </test> <!-- Test -->
  </suite> <!-- Suite -->
</testng-results>
